This is pdfTeX, Version 3.14159265-2.6-1.40.17 (MiKTeX 2.9.6210 64-bit) (preloaded format=pdflatex 2017.3.3)  16 JUL 2017 05:02
entering extended mode
**./Project_Report.tex
(Project_Report.tex
LaTeX2e <2017/01/01> patch level 1
Babel <3.9r> and hyphenation patterns for 75 language(s) loaded.
("C:\Program Files\MiKTeX 2.9\tex\latex\base\article.cls"
Document Class: article 2014/09/29 v1.4h Standard LaTeX document class
("C:\Program Files\MiKTeX 2.9\tex\latex\base\size10.clo"
File: size10.clo 2014/09/29 v1.4h Standard LaTeX file (size option)
)
\c@part=\count79
\c@section=\count80
\c@subsection=\count81
\c@subsubsection=\count82
\c@paragraph=\count83
\c@subparagraph=\count84
\c@figure=\count85
\c@table=\count86
\abovecaptionskip=\skip41
\belowcaptionskip=\skip42
\bibindent=\dimen102
)
("C:\Program Files\MiKTeX 2.9\tex\latex\amsmath\amsmath.sty"
Package: amsmath 2016/11/05 v2.16a AMS math features
\@mathmargin=\skip43

For additional information on amsmath, use the `?' option.
("C:\Program Files\MiKTeX 2.9\tex\latex\amsmath\amstext.sty"
Package: amstext 2000/06/29 v2.01 AMS text

("C:\Program Files\MiKTeX 2.9\tex\latex\amsmath\amsgen.sty"
File: amsgen.sty 1999/11/30 v2.0 generic functions
\@emptytoks=\toks14
\ex@=\dimen103
))
("C:\Program Files\MiKTeX 2.9\tex\latex\amsmath\amsbsy.sty"
Package: amsbsy 1999/11/29 v1.2d Bold Symbols
\pmbraise@=\dimen104
)
("C:\Program Files\MiKTeX 2.9\tex\latex\amsmath\amsopn.sty"
Package: amsopn 2016/03/08 v2.02 operator names
)
\inf@bad=\count87
LaTeX Info: Redefining \frac on input line 213.
\uproot@=\count88
\leftroot@=\count89
LaTeX Info: Redefining \overline on input line 375.
\classnum@=\count90
\DOTSCASE@=\count91
LaTeX Info: Redefining \ldots on input line 472.
LaTeX Info: Redefining \dots on input line 475.
LaTeX Info: Redefining \cdots on input line 596.
\Mathstrutbox@=\box26
\strutbox@=\box27
\big@size=\dimen105
LaTeX Font Info:    Redeclaring font encoding OML on input line 712.
LaTeX Font Info:    Redeclaring font encoding OMS on input line 713.
\macc@depth=\count92
\c@MaxMatrixCols=\count93
\dotsspace@=\muskip10
\c@parentequation=\count94
\dspbrk@lvl=\count95
\tag@help=\toks15
\row@=\count96
\column@=\count97
\maxfields@=\count98
\andhelp@=\toks16
\eqnshift@=\dimen106
\alignsep@=\dimen107
\tagshift@=\dimen108
\tagwidth@=\dimen109
\totwidth@=\dimen110
\lineht@=\dimen111
\@envbody=\toks17
\multlinegap=\skip44
\multlinetaggap=\skip45
\mathdisplay@stack=\toks18
LaTeX Info: Redefining \[ on input line 2817.
LaTeX Info: Redefining \] on input line 2818.
)
("C:\Program Files\MiKTeX 2.9\tex\latex\graphics\graphicx.sty"
Package: graphicx 2014/10/28 v1.0g Enhanced LaTeX Graphics (DPC,SPQR)

("C:\Program Files\MiKTeX 2.9\tex\latex\graphics\keyval.sty"
Package: keyval 2014/10/28 v1.15 key=value parser (DPC)
\KV@toks@=\toks19
)
("C:\Program Files\MiKTeX 2.9\tex\latex\graphics\graphics.sty"
Package: graphics 2016/10/09 v1.0u Standard LaTeX Graphics (DPC,SPQR)

("C:\Program Files\MiKTeX 2.9\tex\latex\graphics\trig.sty"
Package: trig 2016/01/03 v1.10 sin cos tan (DPC)
)
("C:\Program Files\MiKTeX 2.9\tex\latex\graphics-cfg\graphics.cfg"
File: graphics.cfg 2016/06/04 v1.11 sample graphics configuration
)
Package graphics Info: Driver file: pdftex.def on input line 99.

("C:\Program Files\MiKTeX 2.9\tex\latex\graphics-def\pdftex.def"
File: pdftex.def 2017/01/12 v0.06k Graphics/color for pdfTeX

("C:\Program Files\MiKTeX 2.9\tex\generic\oberdiek\infwarerr.sty"
Package: infwarerr 2016/05/16 v1.4 Providing info/warning/error messages (HO)
)
("C:\Program Files\MiKTeX 2.9\tex\generic\oberdiek\ltxcmds.sty"
Package: ltxcmds 2016/05/16 v1.23 LaTeX kernel commands for general use (HO)
)
\Gread@gobject=\count99
))
\Gin@req@height=\dimen112
\Gin@req@width=\dimen113
)
(C:\Users\zurits\AppData\Roaming\MiKTeX\2.9\tex\latex\caption\caption.sty
Package: caption 2016/02/21 v3.3-144 Customizing captions (AR)

(C:\Users\zurits\AppData\Roaming\MiKTeX\2.9\tex\latex\caption\caption3.sty
Package: caption3 2016/05/22 v1.7-166 caption3 kernel (AR)
Package caption3 Info: TeX engine: e-TeX on input line 67.
\captionmargin=\dimen114
\captionmargin@=\dimen115
\captionwidth=\dimen116
\caption@tempdima=\dimen117
\caption@indent=\dimen118
\caption@parindent=\dimen119
\caption@hangindent=\dimen120
)
\c@ContinuedFloat=\count100
)
(C:\Users\zurits\AppData\Roaming\MiKTeX\2.9\tex\latex\subfigure\subfigure.sty
Package: subfigure 2002/07/30 v2.1.4 subfigure package
\subfigtopskip=\skip46
\subfigcapskip=\skip47
\subfigcaptopadj=\dimen121
\subfigbottomskip=\skip48
\subfigcapmargin=\dimen122
\subfiglabelskip=\skip49
\c@subfigure=\count101
\c@lofdepth=\count102
\c@subtable=\count103
\c@lotdepth=\count104

****************************************
* Local config file subfigure.cfg used *
****************************************
(C:\Users\zurits\AppData\Roaming\MiKTeX\2.9\tex\latex\subfigure\subfigure.cfg)
\subfig@top=\skip50
\subfig@bottom=\skip51
) ("C:\Program Files\MiKTeX 2.9\tex\latex\cases\cases.sty"
Package: cases 2002/05/02 ver 2.5 
)
("C:\Program Files\MiKTeX 2.9\tex\latex\graphics\color.sty"
Package: color 2016/07/10 v1.1e Standard LaTeX Color (DPC)

("C:\Program Files\MiKTeX 2.9\tex\latex\graphics-cfg\color.cfg"
File: color.cfg 2016/01/02 v1.6 sample color configuration
)
Package color Info: Driver file: pdftex.def on input line 147.
)
(C:\Users\zurits\AppData\Roaming\MiKTeX\2.9\tex\latex\xcolor\xcolor.sty
Package: xcolor 2016/05/11 v2.12 LaTeX color extensions (UK)

("C:\Program Files\MiKTeX 2.9\tex\latex\graphics-cfg\color.cfg"
File: color.cfg 2016/01/02 v1.6 sample color configuration
)
Package xcolor Info: Package option `usenames' ignored on input line 216.
Package xcolor Info: Driver file: pdftex.def on input line 225.

(C:\Users\zurits\AppData\Roaming\MiKTeX\2.9\tex\latex\colortbl\colortbl.sty
Package: colortbl 2012/02/13 v1.0a Color table columns (DPC)

("C:\Program Files\MiKTeX 2.9\tex\latex\tools\array.sty"
Package: array 2016/10/06 v2.4d Tabular extension package (FMi)
\col@sep=\dimen123
\extrarowheight=\dimen124
\NC@list=\toks20
\extratabsurround=\skip52
\backup@length=\skip53
)
\everycr=\toks21
\minrowclearance=\skip54
)
LaTeX Info: Redefining \color on input line 709.
\rownum=\count105
Package xcolor Info: Model `cmy' substituted by `cmy0' on input line 1348.
Package xcolor Info: Model `hsb' substituted by `rgb' on input line 1352.
Package xcolor Info: Model `RGB' extended on input line 1364.
Package xcolor Info: Model `HTML' substituted by `rgb' on input line 1366.
Package xcolor Info: Model `Hsb' substituted by `hsb' on input line 1367.
Package xcolor Info: Model `tHsb' substituted by `hsb' on input line 1368.
Package xcolor Info: Model `HSB' substituted by `hsb' on input line 1369.
Package xcolor Info: Model `Gray' substituted by `gray' on input line 1370.
Package xcolor Info: Model `wave' substituted by `hsb' on input line 1371.

("C:\Program Files\MiKTeX 2.9\tex\latex\graphics\dvipsnam.def"
File: dvipsnam.def 2016/06/17 v3.0m Driver-dependent file (DPC,SPQR)
)
(C:\Users\zurits\AppData\Roaming\MiKTeX\2.9\tex\latex\xcolor\svgnam.def
File: svgnam.def 2016/05/11 v2.12 Predefined colors according to SVG 1.1 (UK)
)
(C:\Users\zurits\AppData\Roaming\MiKTeX\2.9\tex\latex\xcolor\x11nam.def
File: x11nam.def 2016/05/11 v2.12 Predefined colors according to Unix/X11 (UK)
))
("C:\Program Files\MiKTeX 2.9\tex\latex\multirow\multirow.sty"
Package: multirow 2016/11/25 v2.2 Span multiple rows of a table
\multirow@colwidth=\skip55
\multirow@cntb=\count106
\multirow@dima=\skip56
\bigstrutjot=\dimen125
)
("C:\Program Files\MiKTeX 2.9\tex\latex\tools\tabularx.sty"
Package: tabularx 2016/02/03 v2.11 `tabularx' package (DPC)
\TX@col@width=\dimen126
\TX@old@table=\dimen127
\TX@old@col=\dimen128
\TX@target=\dimen129
\TX@delta=\dimen130
\TX@cols=\count107
\TX@ftn=\toks22
)
("C:\Program Files\MiKTeX 2.9\tex\latex\tools\hhline.sty"
Package: hhline 2014/10/28 v2.03 Table rule package (DPC)
)
("C:\Program Files\MiKTeX 2.9\tex\latex\floatrow\floatrow.sty"
Package: floatrow 2008/08/02 v0.3b floatrow: float package extension
\c@float@type=\count108
\float@exts=\toks23
\float@box=\box28
\@floatcapt=\box29
Package floatrow Info: Modified float package code loaded on input line 455.
Package floatrow Info: Modified rotfloat package code loaded on input line 473.

\FR@everyfloat=\toks24
\flrow@foot=\insert199
\FB@wd=\dimen131
\FBo@wd=\dimen132
\FBc@wd=\dimen133
\FBo@ht=\skip57
\FBc@ht=\skip58
\FBf@ht=\skip59
\FBo@max=\skip60
\FBc@max=\skip61
\FBf@max=\skip62
\c@FBl@b=\count109
\floatbox@depth=\count110
\c@FRobj=\count111
\c@FRsobj=\count112
\Xhsize=\skip63
\sXhsize=\skip64
\Zhsize=\skip65
\sZhsize=\skip66
\flrow@rowbox=\box30
\FR@Zunitlength=\dimen134
\c@FBcnt=\count113
\FPOScnt=\count114
\LTleft=\skip67
\LTright=\skip68
\LTleft=\skip69
\LTright=\skip70
\flrow@types=\toks25
)
("C:\Program Files\MiKTeX 2.9\tex\latex\ltxmisc\parskip.sty"
Package: parskip 2001/04/09 non-zero parskip adjustments
)
("C:\Program Files\MiKTeX 2.9\tex\latex\hyperref\hyperref.sty"
Package: hyperref 2016/06/24 v6.83q Hypertext links for LaTeX

("C:\Program Files\MiKTeX 2.9\tex\generic\oberdiek\hobsub-hyperref.sty"
Package: hobsub-hyperref 2016/05/16 v1.14 Bundle oberdiek, subset hyperref (HO)


("C:\Program Files\MiKTeX 2.9\tex\generic\oberdiek\hobsub-generic.sty"
Package: hobsub-generic 2016/05/16 v1.14 Bundle oberdiek, subset generic (HO)
Package: hobsub 2016/05/16 v1.14 Construct package bundles (HO)
Package hobsub Info: Skipping package `infwarerr' (already loaded).
Package hobsub Info: Skipping package `ltxcmds' (already loaded).
Package: ifluatex 2016/05/16 v1.4 Provides the ifluatex switch (HO)
Package ifluatex Info: LuaTeX not detected.
Package: ifvtex 2016/05/16 v1.6 Detect VTeX and its facilities (HO)
Package ifvtex Info: VTeX not detected.
Package: intcalc 2016/05/16 v1.2 Expandable calculations with integers (HO)
Package: ifpdf 2016/05/14 v3.1 Provides the ifpdf switch
Package: etexcmds 2016/05/16 v1.6 Avoid name clashes with e-TeX commands (HO)
Package etexcmds Info: Could not find \expanded.
(etexcmds)             That can mean that you are not using pdfTeX 1.50 or
(etexcmds)             that some package has redefined \expanded.
(etexcmds)             In the latter case, load this package earlier.
Package: kvsetkeys 2016/05/16 v1.17 Key value parser (HO)
Package: kvdefinekeys 2016/05/16 v1.4 Define keys (HO)
Package: pdftexcmds 2016/05/21 v0.22 Utility functions of pdfTeX for LuaTeX (HO
)
Package pdftexcmds Info: LuaTeX not detected.
Package pdftexcmds Info: \pdf@primitive is available.
Package pdftexcmds Info: \pdf@ifprimitive is available.
Package pdftexcmds Info: \pdfdraftmode found.
Package: pdfescape 2016/05/16 v1.14 Implements pdfTeX's escape features (HO)
Package: bigintcalc 2016/05/16 v1.4 Expandable calculations on big integers (HO
)
Package: bitset 2016/05/16 v1.2 Handle bit-vector datatype (HO)
Package: uniquecounter 2016/05/16 v1.3 Provide unlimited unique counter (HO)
)
Package hobsub Info: Skipping package `hobsub' (already loaded).
Package: letltxmacro 2016/05/16 v1.5 Let assignment for LaTeX macros (HO)
Package: hopatch 2016/05/16 v1.3 Wrapper for package hooks (HO)
Package: xcolor-patch 2016/05/16 xcolor patch
Package: atveryend 2016/05/16 v1.9 Hooks at the very end of document (HO)
Package atveryend Info: \enddocument detected (standard20110627).
Package: atbegshi 2016/06/09 v1.18 At begin shipout hook (HO)
Package: refcount 2016/05/16 v3.5 Data extraction from label references (HO)
Package: hycolor 2016/05/16 v1.8 Color options for hyperref/bookmark (HO)
)
("C:\Program Files\MiKTeX 2.9\tex\generic\ifxetex\ifxetex.sty"
Package: ifxetex 2010/09/12 v0.6 Provides ifxetex conditional
)
("C:\Program Files\MiKTeX 2.9\tex\latex\oberdiek\auxhook.sty"
Package: auxhook 2016/05/16 v1.4 Hooks for auxiliary files (HO)
)
("C:\Program Files\MiKTeX 2.9\tex\latex\oberdiek\kvoptions.sty"
Package: kvoptions 2016/05/16 v3.12 Key value format for package options (HO)
)
\@linkdim=\dimen135
\Hy@linkcounter=\count115
\Hy@pagecounter=\count116

("C:\Program Files\MiKTeX 2.9\tex\latex\hyperref\pd1enc.def"
File: pd1enc.def 2016/06/24 v6.83q Hyperref: PDFDocEncoding definition (HO)
)
\Hy@SavedSpaceFactor=\count117

("C:\Program Files\MiKTeX 2.9\tex\latex\00miktex\hyperref.cfg"
File: hyperref.cfg 2002/06/06 v1.2 hyperref configuration of TeXLive
)
Package hyperref Info: Option `breaklinks' set `true' on input line 4362.
Package hyperref Info: Option `colorlinks' set `true' on input line 4362.
Package hyperref Info: Hyper figures OFF on input line 4486.
Package hyperref Info: Link nesting OFF on input line 4491.
Package hyperref Info: Hyper index ON on input line 4494.
Package hyperref Info: Plain pages OFF on input line 4501.
Package hyperref Info: Backreferencing OFF on input line 4506.
Package hyperref Info: Implicit mode ON; LaTeX internals redefined.
Package hyperref Info: Bookmarks ON on input line 4735.
\c@Hy@tempcnt=\count118

(C:\Users\zurits\AppData\Roaming\MiKTeX\2.9\tex\latex\url\url.sty
\Urlmuskip=\muskip11
Package: url 2013/09/16  ver 3.4  Verb mode for urls, etc.
)
LaTeX Info: Redefining \url on input line 5088.
\XeTeXLinkMargin=\dimen136
\Fld@menulength=\count119
\Field@Width=\dimen137
\Fld@charsize=\dimen138
Package hyperref Info: Hyper figures OFF on input line 6342.
Package hyperref Info: Link nesting OFF on input line 6347.
Package hyperref Info: Hyper index ON on input line 6350.
Package hyperref Info: backreferencing OFF on input line 6357.
Package hyperref Info: Link coloring ON on input line 6360.
Package hyperref Info: Link coloring with OCG OFF on input line 6367.
Package hyperref Info: PDF/A mode OFF on input line 6372.
LaTeX Info: Redefining \ref on input line 6412.
LaTeX Info: Redefining \pageref on input line 6416.
\Hy@abspage=\count120
\c@Item=\count121
\c@Hfootnote=\count122
)

Package hyperref Message: Driver (autodetected): hpdftex.

("C:\Program Files\MiKTeX 2.9\tex\latex\hyperref\hpdftex.def"
File: hpdftex.def 2016/06/24 v6.83q Hyperref driver for pdfTeX
\Fld@listcount=\count123
\c@bookmark@seq@number=\count124

("C:\Program Files\MiKTeX 2.9\tex\latex\oberdiek\rerunfilecheck.sty"
Package: rerunfilecheck 2016/05/16 v1.8 Rerun checks for auxiliary files (HO)
Package uniquecounter Info: New unique counter `rerunfilecheck' on input line 2
82.
)
\Hy@SectionHShift=\skip71
)
(C:\Users\zurits\AppData\Roaming\MiKTeX\2.9\tex\latex\was\gensymb.sty
Package: gensymb 2003/07/02 v1.0 (WaS)
)
(C:\Users\zurits\AppData\Roaming\MiKTeX\2.9\tex\latex\listings\listings.sty
\lst@mode=\count125
\lst@gtempboxa=\box31
\lst@token=\toks26
\lst@length=\count126
\lst@currlwidth=\dimen139
\lst@column=\count127
\lst@pos=\count128
\lst@lostspace=\dimen140
\lst@width=\dimen141
\lst@newlines=\count129
\lst@lineno=\count130
\lst@maxwidth=\dimen142

(C:\Users\zurits\AppData\Roaming\MiKTeX\2.9\tex\latex\listings\lstmisc.sty
File: lstmisc.sty 2015/06/04 1.6 (Carsten Heinz)
\c@lstnumber=\count131
\lst@skipnumbers=\count132
\lst@framebox=\box32
)
(C:\Users\zurits\AppData\Roaming\MiKTeX\2.9\tex\latex\listings\listings.cfg
File: listings.cfg 2015/06/04 1.6 listings configuration
))
Package: listings 2015/06/04 1.6 (Carsten Heinz)

(Project_Report.aux)
\openout1 = `Project_Report.aux'.

LaTeX Font Info:    Checking defaults for OML/cmm/m/it on input line 96.
LaTeX Font Info:    ... okay on input line 96.
LaTeX Font Info:    Checking defaults for T1/cmr/m/n on input line 96.
LaTeX Font Info:    ... okay on input line 96.
LaTeX Font Info:    Checking defaults for OT1/cmr/m/n on input line 96.
LaTeX Font Info:    ... okay on input line 96.
LaTeX Font Info:    Checking defaults for OMS/cmsy/m/n on input line 96.
LaTeX Font Info:    ... okay on input line 96.
LaTeX Font Info:    Checking defaults for OMX/cmex/m/n on input line 96.
LaTeX Font Info:    ... okay on input line 96.
LaTeX Font Info:    Checking defaults for U/cmr/m/n on input line 96.
LaTeX Font Info:    ... okay on input line 96.
LaTeX Font Info:    Checking defaults for PD1/pdf/m/n on input line 96.
LaTeX Font Info:    ... okay on input line 96.

(C:\Users\zurits\AppData\Roaming\MiKTeX\2.9\tex\context\base\supp-pdf.mkii
[Loading MPS to PDF converter (version 2006.09.02).]
\scratchcounter=\count133
\scratchdimen=\dimen143
\scratchbox=\box33
\nofMPsegments=\count134
\nofMParguments=\count135
\everyMPshowfont=\toks27
\MPscratchCnt=\count136
\MPscratchDim=\dimen144
\MPnumerator=\count137
\makeMPintoPDFobject=\count138
\everyMPtoPDFconversion=\toks28
) ("C:\Program Files\MiKTeX 2.9\tex\latex\oberdiek\epstopdf-base.sty"
Package: epstopdf-base 2016/05/15 v2.6 Base part for package epstopdf

("C:\Program Files\MiKTeX 2.9\tex\latex\oberdiek\grfext.sty"
Package: grfext 2016/05/16 v1.2 Manage graphics extensions (HO)
)
Package epstopdf-base Info: Redefining graphics rule for `.eps' on input line 4
38.
Package grfext Info: Graphics extension search list:
(grfext)             [.png,.pdf,.jpg,.mps,.jpeg,.jbig2,.jb2,.PNG,.PDF,.JPG,.JPE
G,.JBIG2,.JB2,.eps]
(grfext)             \AppendGraphicsExtensions on input line 456.
)
Package caption Info: Begin \AtBeginDocument code.
Package caption Info: floatrow package is loaded.
Package caption Info: float package is loaded.
Package caption Info: floatrow package is loaded.
Package caption Info: hyperref package is loaded.
Package caption Info: listings package is loaded.
Package caption Info: subfigure package is loaded.
Package caption Info: End \AtBeginDocument code.
\AtBeginShipoutBox=\box34
Package hyperref Info: Link coloring ON on input line 96.

("C:\Program Files\MiKTeX 2.9\tex\latex\hyperref\nameref.sty"
Package: nameref 2016/05/21 v2.44 Cross-referencing by name of section

("C:\Program Files\MiKTeX 2.9\tex\generic\oberdiek\gettitlestring.sty"
Package: gettitlestring 2016/05/16 v1.5 Cleanup title references (HO)
)
\c@section@level=\count139
)
LaTeX Info: Redefining \ref on input line 96.
LaTeX Info: Redefining \pageref on input line 96.
LaTeX Info: Redefining \nameref on input line 96.

(Project_Report.out) (Project_Report.out)
\@outlinefile=\write3
\openout3 = `Project_Report.out'.

LaTeX Info: Redefining \celsius on input line 96.
Package gensymb Info: Faking symbols for \degree and \celsius on input line 96.



Package gensymb Warning: Not defining \perthousand.

LaTeX Info: Redefining \ohm on input line 96.
Package gensymb Info: Using \Omega for \ohm on input line 96.

Package gensymb Warning: Not defining \micro.

\c@lstlisting=\count140
(C:\Users\zurits\AppData\Roaming\MiKTeX\2.9\tex\latex\listings\lstlang1.sty
File: lstlang1.sty 2015/06/04 1.6 listings language file
)
Overfull \hbox (3.00119pt too wide) in paragraph at lines 135--135
[]|\OT1/cmr/bx/n/10 Symbolic| 
 []


Overfull \hbox (8.54416pt too wide) in paragraph at lines 141--142
[]|\OT1/cmr/m/n/10 RF[$\OML/cmm/m/it/10 r[]$\OT1/cmr/m/n/10 ]$\OMS/cmsy/m/n/10 
 $\OT1/cmr/m/n/10 RF[$\OML/cmm/m/it/10 r[]$\OT1/cmr/m/n/10 ]$+$RF[$\OML/cmm/m/i
t/10 r[]$\OT1/cmr/m/n/10 ]| 
 []


Overfull \hbox (8.54416pt too wide) in paragraph at lines 142--143
[]|\OT1/cmr/m/n/10 RF[$\OML/cmm/m/it/10 r[]$\OT1/cmr/m/n/10 ]$\OMS/cmsy/m/n/10 
 $\OT1/cmr/m/n/10 RF[$\OML/cmm/m/it/10 r[]$\OT1/cmr/m/n/10 ]$\OMS/cmsy/m/n/10  
$\OT1/cmr/m/n/10 RF[$\OML/cmm/m/it/10 r[]$\OT1/cmr/m/n/10 ]| 
 []


LaTeX Warning: `h' float specifier changed to `ht'.

[1

{C:/Users/zurits/AppData/Local/MiKTeX/2.9/pdftex/config/pdftex.map}]
Overfull \hbox (14.30229pt too wide) in paragraph at lines 176--177
[]|\OT1/cmr/m/n/10 RF[$\OML/cmm/m/it/10 r[]$\OT1/cmr/m/n/10 ]$\OMS/cmsy/m/n/10 
 $\OT1/cmr/m/n/10 RF[$\OML/cmm/m/it/10 r[]$\OT1/cmr/m/n/10 ]$\OMS/cmsy/m/n/10 
$\OT1/cmr/m/n/10 RF[$\OML/cmm/m/it/10 r[]$\OT1/cmr/m/n/10 ]| 
 []

<mult.png, id=122, 333.49594pt x 321.45094pt>
File: mult.png Graphic file (type png)
 <use mult.png>
Package pdftex.def Info: mult.png used on input line 188.
(pdftex.def)             Requested size: 217.6621pt x 209.8039pt.
 [2]
(C:\Users\zurits\AppData\Roaming\MiKTeX\2.9\tex\latex\listings\lstlang1.sty
File: lstlang1.sty 2015/06/04 1.6 listings language file
)
Package hyperref Info: bookmark level for unknown lstlisting defaults to 0 on i
nput line 192.

Overfull \hbox (6.56961pt too wide) in paragraph at lines 221--222
[]|\OT1/cmr/m/n/10 RF[$\OML/cmm/m/it/10 r[]$\OT1/cmr/m/n/10 ]$\OMS/cmsy/m/n/10 
 $\OT1/cmr/m/n/10 mem[RF[$\OML/cmm/m/it/10 r[]$\OT1/cmr/m/n/10 ]]| 
 []

<mov5.png, id=133, 485.56406pt x 457.71pt>
File: mov5.png Graphic file (type png)
 <use mov5.png>
Package pdftex.def Info: mov5.png used on input line 233.
(pdftex.def)             Requested size: 377.28293pt x 355.6365pt.
 [3 <./mult.png>]
[4 <./mov5.png>] <jne.png, id=192, 452.4403pt x 200.24812pt>
File: jne.png Graphic file (type png)
 <use jne.png>
Package pdftex.def Info: jne.png used on input line 290.
(pdftex.def)             Requested size: 483.69684pt x 214.08005pt.

[5 <./jne.png>] <inc.png, id=216, 201.75375pt x 276.28218pt>
File: inc.png Graphic file (type png)
 <use inc.png>
Package pdftex.def Info: inc.png used on input line 337.
(pdftex.def)             Requested size: 186.99486pt x 256.0748pt.

[6 <./inc.png>] <mov6.png, id=240, 376.40625pt x 231.86626pt>
File: mov6.png Graphic file (type png)
 <use mov6.png>
Package pdftex.def Info: mov6.png used on input line 378.
(pdftex.def)             Requested size: 338.5863pt x 208.5857pt.

[7 <./mov6.png>] <outRF.png, id=267, 584.93532pt x 481.04718pt>
File: outRF.png Graphic file (type png)

<use outRF.png>
Package pdftex.def Info: outRF.png used on input line 420.
(pdftex.def)             Requested size: 483.69684pt x 397.80103pt.
 [8 <./outRF.png>]
Overfull \hbox (3.00119pt too wide) in paragraph at lines 472--472
[]|\OT1/cmr/bx/n/10 Symbolic| 
 []

<memory.png, id=279, 484.05844pt x 304.13625pt>
File: memory.png Graphic file (type png)
 <use memory.png>
Package pdftex.def Info: memory.png used on input line 507.
(pdftex.def)             Requested size: 338.5863pt x 212.7454pt.
 [9]
<cpu_memory.png, id=325, 522.45187pt x 337.26pt>
File: cpu_memory.png Graphic file (type png)
 <use cpu_memory.png>
Package pdftex.def Info: cpu_memory.png used on input line 520.
(pdftex.def)             Requested size: 338.5863pt x 218.57312pt.
 [10 <./memory.png>] <Direct_mapping.png, id=334, 448.67625pt x 219.82124pt>
File: Direct_mapping.png Graphic file (type png)

<use Direct_mapping.png>
Package pdftex.def Info: Direct_mapping.png used on input line 531.
(pdftex.def)             Requested size: 338.5863pt x 165.88855pt.

<cache_controller_a.png, id=335, 459.96844pt x 638.385pt>
File: cache_controller_a.png Graphic file (type png)

<use cache_controller_a.png>
Package pdftex.def Info: cache_controller_a.png used on input line 538.
(pdftex.def)             Requested size: 435.32419pt x 604.21213pt.
 [11 <./cpu_memory.png> <./Direct_mapping.png>]
<cache_controller_b.png, id=343, 443.40656pt x 513.41812pt>
File: cache_controller_b.png Graphic file (type png)

<use cache_controller_b.png>
Package pdftex.def Info: cache_controller_b.png used on input line 545.
(pdftex.def)             Requested size: 435.32419pt x 504.08641pt.
 [12 <./cache_controller_a.png>] [13 <./cache_controller_b.png>] [14] <gen_algo
rithm.png, id=430, 273.27094pt x 603.0028pt>
File: gen_algorithm.png Graphic file (type png)

<use gen_algorithm.png>
Package pdftex.def Info: gen_algorithm.png used on input line 681.
(pdftex.def)             Requested size: 241.84842pt x 533.67125pt.
 [15] [16 <./gen_algorithm.png>]
<mult_algorithm.png, id=478, 737.75626pt x 657.2053pt>
File: mult_algorithm.png Graphic file (type png)

<use mult_algorithm.png>
Package pdftex.def Info: mult_algorithm.png used on input line 734.
(pdftex.def)             Requested size: 483.69684pt x 430.87875pt.
 [17] [18 <./mult_algorithm.png>] [19]
<10x10_matrix_mult.png, id=603, 768.37062pt x 557.08125pt>
File: 10x10_matrix_mult.png Graphic file (type png)

<use 10x10_matrix_mult.png>
Package pdftex.def Info: 10x10_matrix_mult.png used on input line 836.
(pdftex.def)             Requested size: 386.95894pt x 280.55452pt.
 [20 <./10x10_matrix_mult.png>]
<./cache/ini_all.png, id=631, 920.94063pt x 413.04312pt>
File: ./cache/ini_all.png Graphic file (type png)

<use ./cache/ini_all.png>
Package pdftex.def Info: ./cache/ini_all.png used on input line 861.
(pdftex.def)             Requested size: 483.69684pt x 216.93282pt.

<./cache/last_line_in_cache_first_memoryslow.png, id=632, 920.94063pt x 413.545
pt>
File: ./cache/last_line_in_cache_first_memoryslow.png Graphic file (type png)
 <use ./cache/last_line_in_cache_first_memoryslow.png>
Package pdftex.def Info: ./cache/last_line_in_cache_first_memoryslow.png used o
n input line 862.
(pdftex.def)             Requested size: 483.69684pt x 217.1964pt.

<./cache/reading_from_slow_memory.png, id=635, 915.92188pt x 390.96063pt>
File: ./cache/reading_from_slow_memory.png Graphic file (type png)

<use ./cache/reading_from_slow_memory.png>
Package pdftex.def Info: ./cache/reading_from_slow_memory.png used on input lin
e 872.
(pdftex.def)             Requested size: 483.69684pt x 206.46841pt.

<./cache/writing_into_cache_memory.png, id=636, 920.94063pt x 389.95688pt>
File: ./cache/writing_into_cache_memory.png Graphic file (type png)

<use ./cache/writing_into_cache_memory.png>
Package pdftex.def Info: ./cache/writing_into_cache_memory.png used on input li
ne 873.
(pdftex.def)             Requested size: 483.69684pt x 204.80777pt.
 [21 <./cache/ini_all.png> <./cache/last_line_in_cache_first_memoryslow.png>]
<./cache/result_start.png, id=651, 921.94438pt x 415.05063pt>
File: ./cache/result_start.png Graphic file (type png)

<use ./cache/result_start.png>
Package pdftex.def Info: ./cache/result_start.png used on input line 883.
(pdftex.def)             Requested size: 483.69684pt x 217.75284pt.

<./cache/result_end.png, id=652, 921.94438pt x 415.05063pt>
File: ./cache/result_end.png Graphic file (type png)

<use ./cache/result_end.png>
Package pdftex.def Info: ./cache/result_end.png used on input line 884.
(pdftex.def)             Requested size: 483.69684pt x 217.75284pt.
 [22 <./cache/reading_from_slow_memory.png> <./cache/writing_into_cache_memory.
png>]
<./simple_memory/result_start.png, id=665, 921.94438pt x 415.05063pt>
File: ./simple_memory/result_start.png Graphic file (type png)

<use ./simple_memory/result_start.png>
Package pdftex.def Info: ./simple_memory/result_start.png used on input line 89
4.
(pdftex.def)             Requested size: 483.69684pt x 217.75284pt.

<./simple_memory/result_end.png, id=666, 921.94438pt x 415.05063pt>
File: ./simple_memory/result_end.png Graphic file (type png)

<use ./simple_memory/result_end.png>
Package pdftex.def Info: ./simple_memory/result_end.png used on input line 895.

(pdftex.def)             Requested size: 483.69684pt x 217.75284pt.
 [23 <./cache/result_start.png> <./cache/result_end.png>]
Overfull \hbox (63.6633pt too wide) in paragraph at lines 901--902
\OT1/cmr/m/n/10 During the com-pi-la-tion pro-cess an un-ex-pected er-ror oc-cu
rred, []\OT1/cmtt/m/n/10 Quartus \OT1/cmr/m/n/10 dis-played an over-sized []\OT
1/cmtt/m/n/10 Logic utilization (in ALMs)
 []

<12bits_address.png, id=677, 1084.05pt x 692.5875pt>
File: 12bits_address.png Graphic file (type png)
 <use 12bits_address.png>
Package pdftex.def Info: 12bits_address.png used on input line 905.
(pdftex.def)             Requested size: 338.5863pt x 216.3168pt.

<11bits_address.png, id=678, 1084.05pt x 692.5875pt>
File: 11bits_address.png Graphic file (type png)
 <use 11bits_address.png>
Package pdftex.def Info: 11bits_address.png used on input line 906.
(pdftex.def)             Requested size: 338.5863pt x 216.3168pt.

[24 <./simple_memory/result_start.png> <./simple_memory/result_end.png>]
[25 <./12bits_address.png> <./11bits_address.png>]
Package atveryend Info: Empty hook `BeforeClearDocument' on input line 930.
 [26]
Package atveryend Info: Empty hook `AfterLastShipout' on input line 930.
 (Project_Report.aux)
Package atveryend Info: Executing hook `AtVeryEndDocument' on input line 930.
Package atveryend Info: Executing hook `AtEndAfterFileList' on input line 930.
Package rerunfilecheck Info: File `Project_Report.out' has not changed.
(rerunfilecheck)             Checksum: 54D6D46700A6D15CBEEEB924C2ABB7F7;1853.
Package atveryend Info: Empty hook `AtVeryVeryEnd' on input line 930.
 ) 
Here is how much of TeX's memory you used:
 11412 strings out of 493333
 167122 string characters out of 3139192
 591350 words of memory out of 3000000
 14342 multiletter control sequences out of 15000+200000
 9705 words of font info for 36 fonts, out of 3000000 for 9000
 1141 hyphenation exceptions out of 8191
 41i,13n,41p,1257b,2355s stack positions out of 5000i,500n,10000p,200000b,50000s
<C:/Program Files/MiKTeX 2.9/fonts/type1/public/amsfonts/cm/cmbx10.pfb><C:/Pr
ogram Files/MiKTeX 2.9/fonts/type1/public/amsfonts/cm/cmbx12.pfb><C:/Program Fi
les/MiKTeX 2.9/fonts/type1/public/amsfonts/cm/cmex10.pfb><C:/Program Files/MiKT
eX 2.9/fonts/type1/public/amsfonts/cm/cmmi10.pfb><C:/Program Files/MiKTeX 2.9/f
onts/type1/public/amsfonts/cm/cmmi7.pfb><C:/Program Files/MiKTeX 2.9/fonts/type
1/public/amsfonts/cm/cmr10.pfb><C:/Program Files/MiKTeX 2.9/fonts/type1/public/
amsfonts/cm/cmr12.pfb><C:/Program Files/MiKTeX 2.9/fonts/type1/public/amsfonts/
cm/cmr17.pfb><C:/Program Files/MiKTeX 2.9/fonts/type1/public/amsfonts/cm/cmr5.p
fb><C:/Program Files/MiKTeX 2.9/fonts/type1/public/amsfonts/cm/cmr6.pfb><C:/Pro
gram Files/MiKTeX 2.9/fonts/type1/public/amsfonts/cm/cmr7.pfb><C:/Program Files
/MiKTeX 2.9/fonts/type1/public/amsfonts/cm/cmr8.pfb><C:/Program Files/MiKTeX 2.
9/fonts/type1/public/amsfonts/cm/cmsy10.pfb><C:/Program Files/MiKTeX 2.9/fonts/
type1/public/amsfonts/cm/cmti10.pfb><C:/Program Files/MiKTeX 2.9/fonts/type1/pu
blic/amsfonts/cm/cmtt10.pfb><C:/Program Files/MiKTeX 2.9/fonts/type1/public/ams
fonts/cm/cmtt8.pfb>
Output written on Project_Report.pdf (26 pages, 2830648 bytes).
PDF statistics:
 853 PDF objects out of 1000 (max. 8388607)
 462 named destinations out of 1000 (max. 500000)
 329 words of extra memory for PDF output out of 10000 (max. 10000000)

